<?xml version="1.0" encoding="UTF-8"?>
<testsuite name="com.jojoldu.book.springboot.domain.posts.PostsRepositoryTest" tests="2" skipped="0" failures="0" errors="0" timestamp="2021-04-03T11:47:24" hostname="DESKTOP-5DDHBRT" time="0.34">
  <properties/>
  <testcase name="savePost_Load" classname="com.jojoldu.book.springboot.domain.posts.PostsRepositoryTest" time="0.316"/>
  <testcase name="BaseTimeEntity_save" classname="com.jojoldu.book.springboot.domain.posts.PostsRepositoryTest" time="0.022"/>
  <system-out><![CDATA[2021-04-03 20:47:19.802  INFO 22668 --- [    Test worker] .b.t.c.SpringBootTestContextBootstrapper : Neither @ContextConfiguration nor @ContextHierarchy found for test class [com.jojoldu.book.springboot.domain.posts.PostsRepositoryTest], using SpringBootContextLoader
2021-04-03 20:47:19.802  INFO 22668 --- [    Test worker] o.s.t.c.support.AbstractContextLoader    : Could not detect default resource locations for test class [com.jojoldu.book.springboot.domain.posts.PostsRepositoryTest]: no resource found for suffixes {-context.xml, Context.groovy}.
2021-04-03 20:47:19.802  INFO 22668 --- [    Test worker] t.c.s.AnnotationConfigContextLoaderUtils : Could not detect default configuration classes for test class [com.jojoldu.book.springboot.domain.posts.PostsRepositoryTest]: PostsRepositoryTest does not declare any static, non-private, non-final, nested classes annotated with @Configuration.
2021-04-03 20:47:19.833  INFO 22668 --- [    Test worker] .b.t.c.SpringBootTestContextBootstrapper : Found @SpringBootConfiguration com.jojoldu.book.springboot.Application for test class com.jojoldu.book.springboot.domain.posts.PostsRepositoryTest
2021-04-03 20:47:19.849  INFO 22668 --- [    Test worker] .b.t.c.SpringBootTestContextBootstrapper : Loaded default TestExecutionListener class names from location [META-INF/spring.factories]: [org.springframework.security.test.context.support.WithSecurityContextTestExecutionListener, org.springframework.security.test.context.support.ReactorContextTestExecutionListener, org.springframework.boot.test.autoconfigure.restdocs.RestDocsTestExecutionListener, org.springframework.boot.test.autoconfigure.web.client.MockRestServiceServerResetTestExecutionListener, org.springframework.boot.test.autoconfigure.web.servlet.MockMvcPrintOnlyOnFailureTestExecutionListener, org.springframework.boot.test.autoconfigure.web.servlet.WebDriverTestExecutionListener, org.springframework.boot.test.mock.mockito.MockitoTestExecutionListener, org.springframework.boot.test.mock.mockito.ResetMocksTestExecutionListener, org.springframework.test.context.web.ServletTestExecutionListener, org.springframework.test.context.support.DirtiesContextBeforeModesTestExecutionListener, org.springframework.test.context.support.DependencyInjectionTestExecutionListener, org.springframework.test.context.support.DirtiesContextTestExecutionListener, org.springframework.test.context.transaction.TransactionalTestExecutionListener, org.springframework.test.context.jdbc.SqlScriptsTestExecutionListener]
2021-04-03 20:47:19.849  INFO 22668 --- [    Test worker] .b.t.c.SpringBootTestContextBootstrapper : Using TestExecutionListeners: [org.springframework.test.context.web.ServletTestExecutionListener@71749d23, org.springframework.test.context.support.DirtiesContextBeforeModesTestExecutionListener@7758ac02, org.springframework.boot.test.mock.mockito.MockitoTestExecutionListener@47c2aea, org.springframework.boot.test.autoconfigure.SpringBootDependencyInjectionTestExecutionListener@7a81be01, org.springframework.test.context.support.DirtiesContextTestExecutionListener@2f49a9f7, org.springframework.test.context.transaction.TransactionalTestExecutionListener@1d4328a0, org.springframework.test.context.jdbc.SqlScriptsTestExecutionListener@788d7a98, org.springframework.security.test.context.support.WithSecurityContextTestExecutionListener@f8ba23e, org.springframework.security.test.context.support.ReactorContextTestExecutionListener@6defa429, org.springframework.boot.test.autoconfigure.restdocs.RestDocsTestExecutionListener@69ed971c, org.springframework.boot.test.autoconfigure.web.client.MockRestServiceServerResetTestExecutionListener@7a276903, org.springframework.boot.test.autoconfigure.web.servlet.MockMvcPrintOnlyOnFailureTestExecutionListener@286fae2b, org.springframework.boot.test.autoconfigure.web.servlet.WebDriverTestExecutionListener@383199e3, org.springframework.boot.test.mock.mockito.ResetMocksTestExecutionListener@3de1bc8e]

  .   ____          _            __ _ _
 /\\ / ___'_ __ _ _(_)_ __  __ _ \ \ \ \
( ( )\___ | '_ | '_| | '_ \/ _` | \ \ \ \
 \\/  ___)| |_)| | | | | || (_| |  ) ) ) )
  '  |____| .__|_| |_|_| |_\__, | / / / /
 =========|_|==============|___/=/_/_/_/
 :: Spring Boot ::        (v2.1.7.RELEASE)

2021-04-03 20:47:19.974  INFO 22668 --- [    Test worker] c.j.b.s.d.posts.PostsRepositoryTest      : Starting PostsRepositoryTest on DESKTOP-5DDHBRT with PID 22668 (started by 문법식 in C:\Users\문법식\Desktop\개인공부\GitKraken\freelec-springboot2-webservice)
2021-04-03 20:47:19.974  INFO 22668 --- [    Test worker] c.j.b.s.d.posts.PostsRepositoryTest      : No active profile set, falling back to default profiles: default
2021-04-03 20:47:20.739  INFO 22668 --- [    Test worker] .s.d.r.c.RepositoryConfigurationDelegate : Bootstrapping Spring Data repositories in DEFAULT mode.
2021-04-03 20:47:20.817  INFO 22668 --- [    Test worker] .s.d.r.c.RepositoryConfigurationDelegate : Finished Spring Data repository scanning in 78ms. Found 2 repository interfaces.
2021-04-03 20:47:21.192  INFO 22668 --- [    Test worker] trationDelegate$BeanPostProcessorChecker : Bean 'org.springframework.transaction.annotation.ProxyTransactionManagementConfiguration' of type [org.springframework.transaction.annotation.ProxyTransactionManagementConfiguration$$EnhancerBySpringCGLIB$$ebbb78b0] is not eligible for getting processed by all BeanPostProcessors (for example: not eligible for auto-proxying)
2021-04-03 20:47:21.411  INFO 22668 --- [    Test worker] com.zaxxer.hikari.HikariDataSource       : HikariPool-2 - Starting...
2021-04-03 20:47:21.411  INFO 22668 --- [    Test worker] com.zaxxer.hikari.HikariDataSource       : HikariPool-2 - Start completed.
2021-04-03 20:47:21.505  INFO 22668 --- [    Test worker] o.hibernate.jpa.internal.util.LogHelper  : HHH000204: Processing PersistenceUnitInfo [
	name: default
	...]
2021-04-03 20:47:21.536  INFO 22668 --- [    Test worker] org.hibernate.dialect.Dialect            : HHH000400: Using dialect: org.hibernate.dialect.MySQL5InnoDBDialect
Hibernate: drop table if exists posts
Hibernate: drop table if exists user
Hibernate: create table posts (id bigint not null auto_increment, created_date datetime, modified_date datetime, author varchar(255), content TEXT not null, title varchar(500) not null, primary key (id)) engine=InnoDB
Hibernate: create table user (id bigint not null auto_increment, created_date datetime, modified_date datetime, email varchar(255) not null, name varchar(255) not null, picture varchar(255), role varchar(255) not null, primary key (id)) engine=InnoDB
2021-04-03 20:47:21.692  INFO 22668 --- [    Test worker] o.h.t.schema.internal.SchemaCreatorImpl  : HHH000476: Executing import script 'org.hibernate.tool.schema.internal.exec.ScriptSourceInputNonExistentImpl@656549e8'
2021-04-03 20:47:21.692  INFO 22668 --- [    Test worker] j.LocalContainerEntityManagerFactoryBean : Initialized JPA EntityManagerFactory for persistence unit 'default'
2021-04-03 20:47:22.270  INFO 22668 --- [    Test worker] o.h.h.i.QueryTranslatorFactoryInitiator  : HHH000397: Using ASTQueryTranslatorFactory
2021-04-03 20:47:22.786  INFO 22668 --- [    Test worker] o.s.s.web.DefaultSecurityFilterChain     : Creating filter chain: any request, [org.springframework.security.web.context.request.async.WebAsyncManagerIntegrationFilter@7d6c2ae8, org.springframework.security.web.context.SecurityContextPersistenceFilter@4544519b, org.springframework.security.web.header.HeaderWriterFilter@784f3922, org.springframework.security.web.authentication.logout.LogoutFilter@28fcc83f, org.springframework.security.oauth2.client.web.OAuth2AuthorizationRequestRedirectFilter@1d875823, org.springframework.security.oauth2.client.web.OAuth2LoginAuthenticationFilter@721f7780, org.springframework.security.web.authentication.ui.DefaultLoginPageGeneratingFilter@4fd380d7, org.springframework.security.web.authentication.ui.DefaultLogoutPageGeneratingFilter@1b2fb317, org.springframework.security.web.savedrequest.RequestCacheAwareFilter@7e7388f, org.springframework.security.web.servletapi.SecurityContextHolderAwareRequestFilter@6608778, org.springframework.security.web.authentication.AnonymousAuthenticationFilter@3c4eb611, org.springframework.security.web.session.SessionManagementFilter@59921d0e, org.springframework.security.web.access.ExceptionTranslationFilter@4560f02c, org.springframework.security.web.access.intercept.FilterSecurityInterceptor@33fabbe1]
2021-04-03 20:47:23.739  INFO 22668 --- [    Test worker] o.s.s.concurrent.ThreadPoolTaskExecutor  : Initializing ExecutorService 'applicationTaskExecutor'
2021-04-03 20:47:23.770  WARN 22668 --- [    Test worker] aWebConfiguration$JpaWebMvcConfiguration : spring.jpa.open-in-view is enabled by default. Therefore, database queries may be performed during view rendering. Explicitly configure spring.jpa.open-in-view to disable this warning
2021-04-03 20:47:23.864  INFO 22668 --- [    Test worker] o.s.b.a.w.s.WelcomePageHandlerMapping    : Adding welcome page template: index
2021-04-03 20:47:24.880  INFO 22668 --- [    Test worker] s.a.ScheduledAnnotationBeanPostProcessor : No TaskScheduler/ScheduledExecutorService bean found for scheduled processing
2021-04-03 20:47:24.880  INFO 22668 --- [    Test worker] c.j.b.s.d.posts.PostsRepositoryTest      : Started PostsRepositoryTest in 5.016 seconds (JVM running for 31.07)
Hibernate: insert into posts (created_date, modified_date, author, content, title) values (?, ?, ?, ?, ?)
Hibernate: select posts0_.id as id1_0_, posts0_.created_date as created_2_0_, posts0_.modified_date as modified3_0_, posts0_.author as author4_0_, posts0_.content as content5_0_, posts0_.title as title6_0_ from posts posts0_
Hibernate: select posts0_.id as id1_0_, posts0_.created_date as created_2_0_, posts0_.modified_date as modified3_0_, posts0_.author as author4_0_, posts0_.content as content5_0_, posts0_.title as title6_0_ from posts posts0_
Hibernate: delete from posts where id=?
Hibernate: insert into posts (created_date, modified_date, author, content, title) values (?, ?, ?, ?, ?)
Hibernate: select posts0_.id as id1_0_, posts0_.created_date as created_2_0_, posts0_.modified_date as modified3_0_, posts0_.author as author4_0_, posts0_.content as content5_0_, posts0_.title as title6_0_ from posts posts0_
>>>>>>>>>>>>createDate=2021-04-03T20:47:25.224075, modifiedDate=2021-04-03T20:47:25.224075
Hibernate: select posts0_.id as id1_0_, posts0_.created_date as created_2_0_, posts0_.modified_date as modified3_0_, posts0_.author as author4_0_, posts0_.content as content5_0_, posts0_.title as title6_0_ from posts posts0_
Hibernate: delete from posts where id=?
]]></system-out>
  <system-err><![CDATA[]]></system-err>
</testsuite>
